#
# There is insufficient memory for the Java Runtime Environment to continue.
# Native memory allocation (malloc) failed to allocate 1048576 bytes for AllocateHeap
# Possible reasons:
#   The system is out of physical RAM or swap space
#   In 32 bit mode, the process size limit was hit
# Possible solutions:
#   Reduce memory load on the system
#   Increase physical memory or swap space
#   Check if swap backing store is full
#   Use 64 bit Java on a 64 bit OS
#   Decrease Java heap size (-Xmx/-Xms)
#   Decrease number of Java threads
#   Decrease Java thread stack sizes (-Xss)
#   Set larger code cache with -XX:ReservedCodeCacheSize=
# This output file may be truncated or incomplete.
#
#  Out of Memory Error (memory/allocation.inline.hpp:61), pid=12360, tid=0x0000000000001238
#
# JRE version:  (8.0_151-b12) (build )
# Java VM: Java HotSpot(TM) 64-Bit Server VM (25.151-b12 mixed mode windows-amd64 compressed oops)
# Failed to write core dump. Minidumps are not enabled by default on client versions of Windows
#

---------------  T H R E A D  ---------------

Current thread (0x00000000051b4000):  JavaThread "Unknown thread" [_thread_in_vm, id=4664, stack(0x0000000004f40000,0x0000000005040000)]

Stack: [0x0000000004f40000,0x0000000005040000]
[error occurred during error reporting (printing stack bounds), id 0xc0000005]

Native frames: (J=compiled Java code, j=interpreted, Vv=VM code, C=native code)


---------------  P R O C E S S  ---------------

Java Threads: ( => current thread )

Other Threads:

=>0x00000000051b4000 (exited) JavaThread "Unknown thread" [_thread_in_vm, id=4664, stack(0x0000000004f40000,0x0000000005040000)]

VM state:not at safepoint (normal execution)

VM Mutex/Monitor currently owned by a thread: None

Heap:
 PSYoungGen      total 38400K, used 665K [0x00000000d5b00000, 0x00000000d8580000, 0x0000000100000000)
  eden space 33280K, 2% used [0x00000000d5b00000,0x00000000d5ba6670,0x00000000d7b80000)
  from space 5120K, 0% used [0x00000000d8080000,0x00000000d8080000,0x00000000d8580000)
  to   space 5120K, 0% used [0x00000000d7b80000,0x00000000d7b80000,0x00000000d8080000)
 ParOldGen       total 87552K, used 0K [0x0000000081000000, 0x0000000086580000, 0x00000000d5b00000)
  object space 87552K, 0% used [0x0000000081000000,0x0000000081000000,0x0000000086580000)
 Metaspace       used 770K, capacity 4480K, committed 4480K, reserved 1056768K
  class space    used 75K, capacity 384K, committed 384K, reserved 1048576K

Card table byte_map: [0x0000000014670000,0x0000000014a70000] byte_map_base: 0x0000000014268000

Marking Bits: (ParMarkBitMap*) 0x000000005ff3d850
 Begin Bits: [0x0000000015320000, 0x00000000172e0000)
 End Bits:   [0x00000000172e0000, 0x00000000192a0000)

Polling page: 0x00000000033b0000

CodeCache: size=245760Kb used=328Kb max_used=328Kb free=245431Kb
 bounds [0x00000000052b0000, 0x0000000005520000, 0x00000000142b0000]
 total_blobs=58 nmethods=0 adapters=38
 compilation: enabled

Compilation events (0 events):
No events

GC Heap History (0 events):
No events

Deoptimization events (0 events):
No events

Internal exceptions (0 events):
No events

Events (10 events):
Event: 0.022 loading class java/lang/Short
Event: 0.022 loading class java/lang/Short done
Event: 0.022 loading class java/lang/Integer
Event: 0.022 loading class java/lang/Integer done
Event: 0.022 loading class java/lang/Long
Event: 0.022 loading class java/lang/Long done
Event: 0.023 loading class java/lang/NullPointerException
Event: 0.023 loading class java/lang/NullPointerException done
Event: 0.023 loading class java/lang/ArithmeticException
Event: 0.023 loading class java/lang/ArithmeticException done


Dynamic libraries:
0x00007ff6066e0000 - 0x00007ff606717000 	D:\Java\jdk1.8\bin\java.exe
0x00007ffb1f930000 - 0x00007ffb1fb10000 	C:\windows\SYSTEM32\ntdll.dll
0x00007ffb1d7b0000 - 0x00007ffb1d85e000 	C:\windows\System32\KERNEL32.DLL
0x00007ffb1c2f0000 - 0x00007ffb1c556000 	C:\windows\System32\KERNELBASE.dll
0x00007ffb1f850000 - 0x00007ffb1f8f1000 	C:\windows\System32\ADVAPI32.dll
0x00007ffb1d410000 - 0x00007ffb1d4ad000 	C:\windows\System32\msvcrt.dll
0x00007ffb1d860000 - 0x00007ffb1d8bb000 	C:\windows\System32\sechost.dll
0x00007ffb1da90000 - 0x00007ffb1dbaf000 	C:\windows\System32\RPCRT4.dll
0x00007ffb1dc10000 - 0x00007ffb1dd9f000 	C:\windows\System32\USER32.dll
0x00007ffb1c030000 - 0x00007ffb1c050000 	C:\windows\System32\win32u.dll
0x00007ffb1d5b0000 - 0x00007ffb1d5d8000 	C:\windows\System32\GDI32.dll
0x00007ffb1c050000 - 0x00007ffb1c1e3000 	C:\windows\System32\gdi32full.dll
0x00007ffb1c250000 - 0x00007ffb1c2eb000 	C:\windows\System32\msvcp_win.dll
0x00007ffb1c5b0000 - 0x00007ffb1c6a6000 	C:\windows\System32\ucrtbase.dll
0x00007ffb0ce20000 - 0x00007ffb0d089000 	C:\windows\WinSxS\amd64_microsoft.windows.common-controls_6595b64144ccf1df_6.0.16299.248_none_15ced204935f55d7\COMCTL32.dll
0x00007ffb1d100000 - 0x00007ffb1d408000 	C:\windows\System32\combase.dll
0x00007ffb1bfb0000 - 0x00007ffb1c022000 	C:\windows\System32\bcryptPrimitives.dll
0x00007ffb1d8c0000 - 0x00007ffb1d8ed000 	C:\windows\System32\IMM32.DLL
0x000000005ffc0000 - 0x0000000060092000 	D:\Java\jdk1.8\jre\bin\msvcr100.dll
0x000000005f720000 - 0x000000005ffbd000 	D:\Java\jdk1.8\jre\bin\server\jvm.dll
0x00007ffb1d0f0000 - 0x00007ffb1d0f8000 	C:\windows\System32\PSAPI.DLL
0x00007ffb1b840000 - 0x00007ffb1b84a000 	C:\windows\SYSTEM32\VERSION.dll
0x00007ffb189f0000 - 0x00007ffb189f9000 	C:\windows\SYSTEM32\WSOCK32.dll
0x00007ffb19fe0000 - 0x00007ffb1a003000 	C:\windows\SYSTEM32\WINMM.dll
0x00007ffb1cf20000 - 0x00007ffb1cf8c000 	C:\windows\System32\WS2_32.dll
0x00007ffb19e70000 - 0x00007ffb19e9a000 	C:\windows\SYSTEM32\winmmbase.dll
0x00007ffb1c560000 - 0x00007ffb1c5aa000 	C:\windows\System32\cfgmgr32.dll
0x000000005f710000 - 0x000000005f71f000 	D:\Java\jdk1.8\jre\bin\verify.dll
0x000000005f6e0000 - 0x000000005f709000 	D:\Java\jdk1.8\jre\bin\java.dll
0x000000005ec90000 - 0x000000005ecb3000 	D:\Java\jdk1.8\jre\bin\instrument.dll
0x000000005f6c0000 - 0x000000005f6d6000 	D:\Java\jdk1.8\jre\bin\zip.dll

VM Arguments:
jvm_args: -javaagent:D:\java\JetBrains\IntelliJ IDEA 2020.1.1\lib\idea_rt.jar=60079:D:\java\JetBrains\IntelliJ IDEA 2020.1.1\bin -Dfile.encoding=UTF-8 
java_command: com.wlcb.jpower.module.common.utils.MD5
java_class_path (initial): D:\java\jdk1.8\jre\lib\charsets.jar;D:\java\jdk1.8\jre\lib\deploy.jar;D:\java\jdk1.8\jre\lib\ext\access-bridge-64.jar;D:\java\jdk1.8\jre\lib\ext\cldrdata.jar;D:\java\jdk1.8\jre\lib\ext\dnsns.jar;D:\java\jdk1.8\jre\lib\ext\jaccess.jar;D:\java\jdk1.8\jre\lib\ext\jfxrt.jar;D:\java\jdk1.8\jre\lib\ext\localedata.jar;D:\java\jdk1.8\jre\lib\ext\nashorn.jar;D:\java\jdk1.8\jre\lib\ext\sunec.jar;D:\java\jdk1.8\jre\lib\ext\sunjce_provider.jar;D:\java\jdk1.8\jre\lib\ext\sunmscapi.jar;D:\java\jdk1.8\jre\lib\ext\sunpkcs11.jar;D:\java\jdk1.8\jre\lib\ext\zipfs.jar;D:\java\jdk1.8\jre\lib\javaws.jar;D:\java\jdk1.8\jre\lib\jce.jar;D:\java\jdk1.8\jre\lib\jfr.jar;D:\java\jdk1.8\jre\lib\jfxswt.jar;D:\java\jdk1.8\jre\lib\jsse.jar;D:\java\jdk1.8\jre\lib\management-agent.jar;D:\java\jdk1.8\jre\lib\plugin.jar;D:\java\jdk1.8\jre\lib\resources.jar;D:\java\jdk1.8\jre\lib\rt.jar;D:\IdeaProjects\jpower\jpower-module-common\common-utils\target\classes;D:\java\maven\repo\dom4j\dom4j\1.6.1\dom4j-1.6.1.jar;D:\java\maven\repo\xml-apis\xml-apis\1.0.b2\xml-apis-1.0.b2.jar;D:\java\maven\repo\com\fasterxml\jackson\core\jackson-databind\2.10.2\jackson-databind-2.10.2.jar;D:\java\maven\repo\com\fasterxml\jackson\core\jackson-annotations\2.10.2\jackson-annotations-2.10.2.jar;D:\java\maven\repo\com\fasterxml\jackson\core\jackson-core\2.10.2\jackson-core-2.10.2.jar;D:\java\maven\repo\commons-io\commons-io\2.6\commons-io-2.6.jar;D:\java\maven\repo\com\alibaba\fastjson\1.2.62\fastjson-1.2.62.jar;D:\java\maven\repo\io\jsonwebtoken\jjwt\0.6.0\jjwt-0.6.0.jar;D:\java\maven\repo\com\google\guava\guava\25.0-jre\guava-25.0-jre.jar;D:\java\maven\repo\com\google\code\findbugs\jsr305\1.3.9\jsr305-1.3.9.jar;D:\java\maven\repo\org\checkerframework\checker-compat-qual\2.0.0\checker-compat-qual-2.0.0.jar;D:\java\maven\repo\com\google\errorprone\error_prone_annotations\2.1.3\error_prone_annotations-2.1.3.jar;D:\java\maven\repo\com\google\j2objc\j2objc-annotations\1.1\j2objc-annotations-1.1.jar;D:\j
Launcher Type: SUN_STANDARD

Environment Variables:
JAVA_HOME=D:\java\jdk1.8
CLASSPATH=.;D:\java\jdk1.8/lib;D:\java\jdk1.8/lib/tools.jar;D:\java\jdk1.8/lib/dt.jar
PATH=D:\xshell\;C:\Program Files (x86)\Razer\ChromaBroadcast\bin;C:\Program Files\Razer\ChromaBroadcast\bin;C:\windows\system32;C:\windows;C:\windows\System32\Wbem;C:\windows\System32\WindowsPowerShell\v1.0\;D:\java\maven\apache-maven-3.6.1\bin;D:\java\jdk1.8\bin;D:\java\MySQL\MySQL Shell 8.0\bin\;D:\java\noedjs\;D:\java\Git\bin\;D:\java\Git\mingw64\libexec\git-core;D:\java\MySQL\MySQL Shell 8.0\bin\;C:\Users\Administrator\AppData\Roaming\npm
USERNAME=Administrator
OS=Windows_NT
PROCESSOR_IDENTIFIER=Intel64 Family 6 Model 158 Stepping 10, GenuineIntel



---------------  S Y S T E M  ---------------

OS: Windows 10.0 , 64 bit Build 16299 (10.0.16299.15)

CPU:total 6 (initial active 6) (6 cores per cpu, 1 threads per core) family 6 model 158 stepping 10, cmov, cx8, fxsr, mmx, sse, sse2, sse3, ssse3, sse4.1, sse4.2, popcnt, avx, avx2, aes, clmul, erms, 3dnowpref, lzcnt, tsc, tscinvbit, bmi1, bmi2, adx

Memory: 4k page, physical 8322340k(381336k free), swap 16710948k(5304k free)

vm_info: Java HotSpot(TM) 64-Bit Server VM (25.151-b12) for windows-amd64 JRE (1.8.0_151-b12), built on Sep  5 2017 19:33:46 by "java_re" with MS VC++ 10.0 (VS2010)

time: Thu Sep 10 01:19:44 2020
elapsed time: 0 seconds (0d 0h 0m 0s)

